  [1m[35m (605.9ms)[0m  [1m[35mCREATE DATABASE "apartment-backend_development" ENCODING = 'unicode'[0m
  ↳ /Users/learn/.rvm/gems/ruby-2.3.1/gems/rake-12.3.1/lib/rake/task.rb:271
  [1m[35m (507.2ms)[0m  [1m[35mCREATE DATABASE "apartment-backend_test" ENCODING = 'unicode'[0m
  ↳ /Users/learn/.rvm/gems/ruby-2.3.1/gems/rake-12.3.1/lib/rake/task.rb:271
  [1m[35m (39.4ms)[0m  [1m[35mCREATE TABLE "schema_migrations" ("version" character varying NOT NULL PRIMARY KEY)[0m
  ↳ /Users/learn/.rvm/gems/ruby-2.3.1/gems/rake-12.3.1/lib/rake/task.rb:271
  [1m[35m (43.1ms)[0m  [1m[35mCREATE TABLE "ar_internal_metadata" ("key" character varying NOT NULL PRIMARY KEY, "value" character varying, "created_at" timestamp NOT NULL, "updated_at" timestamp NOT NULL)[0m
  ↳ /Users/learn/.rvm/gems/ruby-2.3.1/gems/rake-12.3.1/lib/rake/task.rb:271
  [1m[35m (0.2ms)[0m  [1m[34mSELECT pg_try_advisory_lock(4838859294382010205)[0m
  ↳ /Users/learn/.rvm/gems/ruby-2.3.1/gems/rake-12.3.1/lib/rake/task.rb:271
  [1m[35m (0.6ms)[0m  [1m[34mSELECT "schema_migrations"."version" FROM "schema_migrations" ORDER BY "schema_migrations"."version" ASC[0m
  ↳ /Users/learn/.rvm/gems/ruby-2.3.1/gems/rake-12.3.1/lib/rake/task.rb:271
Migrating to DeviseCreateUsers (20181127184117)
  [1m[35m (0.6ms)[0m  [1m[35mBEGIN[0m
  ↳ /Users/learn/.rvm/gems/ruby-2.3.1/gems/rake-12.3.1/lib/rake/task.rb:271
  [1m[35m (44.3ms)[0m  [1m[35mCREATE TABLE "users" ("id" bigserial primary key, "email" character varying DEFAULT '' NOT NULL, "encrypted_password" character varying DEFAULT '' NOT NULL, "reset_password_token" character varying, "reset_password_sent_at" timestamp, "remember_created_at" timestamp, "created_at" timestamp NOT NULL, "updated_at" timestamp NOT NULL)[0m
  ↳ db/migrate/20181127184117_devise_create_users.rb:5
  [1m[35m (1.0ms)[0m  [1m[35mCREATE UNIQUE INDEX  "index_users_on_email" ON "users"  ("email")[0m
  ↳ db/migrate/20181127184117_devise_create_users.rb:39
  [1m[35m (1.3ms)[0m  [1m[35mCREATE UNIQUE INDEX  "index_users_on_reset_password_token" ON "users"  ("reset_password_token")[0m
  ↳ db/migrate/20181127184117_devise_create_users.rb:40
  [1m[36mActiveRecord::SchemaMigration Create (0.5ms)[0m  [1m[32mINSERT INTO "schema_migrations" ("version") VALUES ($1) RETURNING "version"[0m  [["version", "20181127184117"]]
  ↳ /Users/learn/.rvm/gems/ruby-2.3.1/gems/rake-12.3.1/lib/rake/task.rb:271
  [1m[35m (0.5ms)[0m  [1m[35mCOMMIT[0m
  ↳ /Users/learn/.rvm/gems/ruby-2.3.1/gems/rake-12.3.1/lib/rake/task.rb:271
Migrating to AddJtlMatcherToUsers (20181127184321)
  [1m[35m (40.4ms)[0m  [1m[35mBEGIN[0m
  ↳ /Users/learn/.rvm/gems/ruby-2.3.1/gems/rake-12.3.1/lib/rake/task.rb:271
  [1m[36mActiveRecord::SchemaMigration Create (0.4ms)[0m  [1m[32mINSERT INTO "schema_migrations" ("version") VALUES ($1) RETURNING "version"[0m  [["version", "20181127184321"]]
  ↳ /Users/learn/.rvm/gems/ruby-2.3.1/gems/rake-12.3.1/lib/rake/task.rb:271
  [1m[35m (0.3ms)[0m  [1m[35mCOMMIT[0m
  ↳ /Users/learn/.rvm/gems/ruby-2.3.1/gems/rake-12.3.1/lib/rake/task.rb:271
  [1m[36mActiveRecord::InternalMetadata Load (0.5ms)[0m  [1m[34mSELECT  "ar_internal_metadata".* FROM "ar_internal_metadata" WHERE "ar_internal_metadata"."key" = $1 LIMIT $2[0m  [["key", "environment"], ["LIMIT", 1]]
  ↳ /Users/learn/.rvm/gems/ruby-2.3.1/gems/rake-12.3.1/lib/rake/task.rb:271
  [1m[35m (0.2ms)[0m  [1m[35mBEGIN[0m
  ↳ /Users/learn/.rvm/gems/ruby-2.3.1/gems/rake-12.3.1/lib/rake/task.rb:271
  [1m[36mActiveRecord::InternalMetadata Create (0.6ms)[0m  [1m[32mINSERT INTO "ar_internal_metadata" ("key", "value", "created_at", "updated_at") VALUES ($1, $2, $3, $4) RETURNING "key"[0m  [["key", "environment"], ["value", "development"], ["created_at", "2018-11-27 18:45:50.294641"], ["updated_at", "2018-11-27 18:45:50.294641"]]
  ↳ /Users/learn/.rvm/gems/ruby-2.3.1/gems/rake-12.3.1/lib/rake/task.rb:271
  [1m[35m (40.5ms)[0m  [1m[35mCOMMIT[0m
  ↳ /Users/learn/.rvm/gems/ruby-2.3.1/gems/rake-12.3.1/lib/rake/task.rb:271
  [1m[35m (0.2ms)[0m  [1m[34mSELECT pg_advisory_unlock(4838859294382010205)[0m
  ↳ /Users/learn/.rvm/gems/ruby-2.3.1/gems/rake-12.3.1/lib/rake/task.rb:271
  [1m[35m (0.3ms)[0m  [1m[34mSELECT "schema_migrations"."version" FROM "schema_migrations" ORDER BY "schema_migrations"."version" ASC[0m
  ↳ /Users/learn/.rvm/gems/ruby-2.3.1/gems/rake-12.3.1/lib/rake/task.rb:271
  [1m[35m (0.6ms)[0m  [1m[34mSELECT "schema_migrations"."version" FROM "schema_migrations" ORDER BY "schema_migrations"."version" ASC[0m
  ↳ /Users/learn/.rvm/gems/ruby-2.3.1/gems/rake-12.3.1/lib/rake/task.rb:271
  [1m[35m (0.5ms)[0m  [1m[34mSELECT "schema_migrations"."version" FROM "schema_migrations" ORDER BY "schema_migrations"."version" ASC[0m
  ↳ /Users/learn/.rvm/gems/ruby-2.3.1/gems/rake-12.3.1/lib/rake/task.rb:271
  [1m[35m (0.2ms)[0m  [1m[34mSELECT "schema_migrations"."version" FROM "schema_migrations" ORDER BY "schema_migrations"."version" ASC[0m
  ↳ /Users/learn/.rvm/gems/ruby-2.3.1/gems/rake-12.3.1/lib/rake/task.rb:271
  [1m[35m (0.2ms)[0m  [1m[34mSELECT "schema_migrations"."version" FROM "schema_migrations" ORDER BY "schema_migrations"."version" ASC[0m
  ↳ /Users/learn/.rvm/gems/ruby-2.3.1/gems/rake-12.3.1/lib/rake/task.rb:271
  [1m[35m (0.2ms)[0m  [1m[34mSELECT pg_try_advisory_lock(4838859294382010205)[0m
  ↳ /Users/learn/.rvm/gems/ruby-2.3.1/gems/rake-12.3.1/lib/rake/task.rb:271
  [1m[35m (0.2ms)[0m  [1m[34mSELECT "schema_migrations"."version" FROM "schema_migrations" ORDER BY "schema_migrations"."version" ASC[0m
  ↳ /Users/learn/.rvm/gems/ruby-2.3.1/gems/rake-12.3.1/lib/rake/task.rb:271
Migrating to AddJtlMatcherToUsers (20181127184321)
  [1m[35m (0.2ms)[0m  [1m[35mBEGIN[0m
  ↳ /Users/learn/.rvm/gems/ruby-2.3.1/gems/rake-12.3.1/lib/rake/task.rb:271
  [1m[35m (0.1ms)[0m  [1m[31mROLLBACK[0m
  ↳ /Users/learn/.rvm/gems/ruby-2.3.1/gems/rake-12.3.1/lib/rake/task.rb:271
  [1m[35m (0.2ms)[0m  [1m[34mSELECT pg_advisory_unlock(4838859294382010205)[0m
  ↳ /Users/learn/.rvm/gems/ruby-2.3.1/gems/rake-12.3.1/lib/rake/task.rb:271
  [1m[35m (0.6ms)[0m  [1m[34mSELECT "schema_migrations"."version" FROM "schema_migrations" ORDER BY "schema_migrations"."version" ASC[0m
  ↳ /Users/learn/.rvm/gems/ruby-2.3.1/gems/rake-12.3.1/lib/rake/task.rb:271
  [1m[35m (0.3ms)[0m  [1m[34mSELECT "ar_internal_metadata"."value" FROM "ar_internal_metadata" WHERE "ar_internal_metadata"."key" = $1[0m  [["key", "environment"]]
  ↳ /Users/learn/.rvm/gems/ruby-2.3.1/gems/rake-12.3.1/lib/rake/task.rb:271
  [1m[35m (0.2ms)[0m  [1m[34mSELECT "schema_migrations"."version" FROM "schema_migrations" ORDER BY "schema_migrations"."version" ASC[0m
  ↳ /Users/learn/.rvm/gems/ruby-2.3.1/gems/rake-12.3.1/lib/rake/task.rb:271
  [1m[35m (0.2ms)[0m  [1m[34mSELECT "ar_internal_metadata"."value" FROM "ar_internal_metadata" WHERE "ar_internal_metadata"."key" = $1[0m  [["key", "environment"]]
  ↳ /Users/learn/.rvm/gems/ruby-2.3.1/gems/rake-12.3.1/lib/rake/task.rb:271
  [1m[35m (0.2ms)[0m  [1m[34mSELECT "schema_migrations"."version" FROM "schema_migrations" ORDER BY "schema_migrations"."version" ASC[0m
  ↳ /Users/learn/.rvm/gems/ruby-2.3.1/gems/rake-12.3.1/lib/rake/task.rb:271
  [1m[35m (0.2ms)[0m  [1m[34mSELECT "ar_internal_metadata"."value" FROM "ar_internal_metadata" WHERE "ar_internal_metadata"."key" = $1[0m  [["key", "environment"]]
  ↳ /Users/learn/.rvm/gems/ruby-2.3.1/gems/rake-12.3.1/lib/rake/task.rb:271
  [1m[35m (171.7ms)[0m  [1m[35mDROP DATABASE IF EXISTS "apartment-backend_development"[0m
  ↳ /Users/learn/.rvm/gems/ruby-2.3.1/gems/rake-12.3.1/lib/rake/task.rb:271
  [1m[35m (187.8ms)[0m  [1m[35mDROP DATABASE IF EXISTS "apartment-backend_test"[0m
  ↳ /Users/learn/.rvm/gems/ruby-2.3.1/gems/rake-12.3.1/lib/rake/task.rb:271
  [1m[35m (376.7ms)[0m  [1m[35mCREATE DATABASE "apartment-backend_development" ENCODING = 'unicode'[0m
  ↳ /Users/learn/.rvm/gems/ruby-2.3.1/gems/rake-12.3.1/lib/rake/task.rb:271
  [1m[35m (376.6ms)[0m  [1m[35mCREATE DATABASE "apartment-backend_test" ENCODING = 'unicode'[0m
  ↳ /Users/learn/.rvm/gems/ruby-2.3.1/gems/rake-12.3.1/lib/rake/task.rb:271
  [1m[35m (4.5ms)[0m  [1m[35mCREATE TABLE "schema_migrations" ("version" character varying NOT NULL PRIMARY KEY)[0m
  ↳ /Users/learn/.rvm/gems/ruby-2.3.1/gems/rake-12.3.1/lib/rake/task.rb:271
  [1m[35m (2.5ms)[0m  [1m[35mCREATE TABLE "ar_internal_metadata" ("key" character varying NOT NULL PRIMARY KEY, "value" character varying, "created_at" timestamp NOT NULL, "updated_at" timestamp NOT NULL)[0m
  ↳ /Users/learn/.rvm/gems/ruby-2.3.1/gems/rake-12.3.1/lib/rake/task.rb:271
  [1m[35m (0.2ms)[0m  [1m[34mSELECT pg_try_advisory_lock(4838859294382010205)[0m
  ↳ /Users/learn/.rvm/gems/ruby-2.3.1/gems/rake-12.3.1/lib/rake/task.rb:271
  [1m[35m (0.4ms)[0m  [1m[34mSELECT "schema_migrations"."version" FROM "schema_migrations" ORDER BY "schema_migrations"."version" ASC[0m
  ↳ /Users/learn/.rvm/gems/ruby-2.3.1/gems/rake-12.3.1/lib/rake/task.rb:271
Migrating to DeviseCreateUsers (20181127184117)
  [1m[35m (0.1ms)[0m  [1m[35mBEGIN[0m
  ↳ /Users/learn/.rvm/gems/ruby-2.3.1/gems/rake-12.3.1/lib/rake/task.rb:271
  [1m[35m (3.1ms)[0m  [1m[35mCREATE TABLE "users" ("id" bigserial primary key, "email" character varying DEFAULT '' NOT NULL, "encrypted_password" character varying DEFAULT '' NOT NULL, "reset_password_token" character varying, "reset_password_sent_at" timestamp, "remember_created_at" timestamp, "created_at" timestamp NOT NULL, "updated_at" timestamp NOT NULL)[0m
  ↳ db/migrate/20181127184117_devise_create_users.rb:5
  [1m[35m (0.9ms)[0m  [1m[35mCREATE UNIQUE INDEX  "index_users_on_email" ON "users"  ("email")[0m
  ↳ db/migrate/20181127184117_devise_create_users.rb:39
  [1m[35m (0.9ms)[0m  [1m[35mCREATE UNIQUE INDEX  "index_users_on_reset_password_token" ON "users"  ("reset_password_token")[0m
  ↳ db/migrate/20181127184117_devise_create_users.rb:40
  [1m[36mActiveRecord::SchemaMigration Create (0.4ms)[0m  [1m[32mINSERT INTO "schema_migrations" ("version") VALUES ($1) RETURNING "version"[0m  [["version", "20181127184117"]]
  ↳ /Users/learn/.rvm/gems/ruby-2.3.1/gems/rake-12.3.1/lib/rake/task.rb:271
  [1m[35m (0.7ms)[0m  [1m[35mCOMMIT[0m
  ↳ /Users/learn/.rvm/gems/ruby-2.3.1/gems/rake-12.3.1/lib/rake/task.rb:271
Migrating to AddJtlMatcherToUsers (20181127184321)
  [1m[35m (40.4ms)[0m  [1m[34mSELECT pg_advisory_unlock(4838859294382010205)[0m
  ↳ /Users/learn/.rvm/gems/ruby-2.3.1/gems/rake-12.3.1/lib/rake/task.rb:271
  [1m[35m (0.5ms)[0m  [1m[34mSELECT "schema_migrations"."version" FROM "schema_migrations" ORDER BY "schema_migrations"."version" ASC[0m
  ↳ /Users/learn/.rvm/gems/ruby-2.3.1/gems/rake-12.3.1/lib/rake/task.rb:271
  [1m[35m (0.3ms)[0m  [1m[34mSELECT "ar_internal_metadata"."value" FROM "ar_internal_metadata" WHERE "ar_internal_metadata"."key" = $1[0m  [["key", "environment"]]
  ↳ /Users/learn/.rvm/gems/ruby-2.3.1/gems/rake-12.3.1/lib/rake/task.rb:271
  [1m[35m (0.4ms)[0m  [1m[35mCREATE DATABASE "apartment-backend_development" ENCODING = 'unicode'[0m
  ↳ /Users/learn/.rvm/gems/ruby-2.3.1/gems/rake-12.3.1/lib/rake/task.rb:271
  [1m[35m (0.4ms)[0m  [1m[35mCREATE DATABASE "apartment-backend_test" ENCODING = 'unicode'[0m
  ↳ /Users/learn/.rvm/gems/ruby-2.3.1/gems/rake-12.3.1/lib/rake/task.rb:271
  [1m[35m (0.2ms)[0m  [1m[34mSELECT pg_try_advisory_lock(4838859294382010205)[0m
  ↳ /Users/learn/.rvm/gems/ruby-2.3.1/gems/rake-12.3.1/lib/rake/task.rb:271
  [1m[35m (0.5ms)[0m  [1m[34mSELECT "schema_migrations"."version" FROM "schema_migrations" ORDER BY "schema_migrations"."version" ASC[0m
  ↳ /Users/learn/.rvm/gems/ruby-2.3.1/gems/rake-12.3.1/lib/rake/task.rb:271
  [1m[36mActiveRecord::InternalMetadata Load (0.3ms)[0m  [1m[34mSELECT  "ar_internal_metadata".* FROM "ar_internal_metadata" WHERE "ar_internal_metadata"."key" = $1 LIMIT $2[0m  [["key", "environment"], ["LIMIT", 1]]
  ↳ /Users/learn/.rvm/gems/ruby-2.3.1/gems/rake-12.3.1/lib/rake/task.rb:271
  [1m[35m (0.1ms)[0m  [1m[35mBEGIN[0m
  ↳ /Users/learn/.rvm/gems/ruby-2.3.1/gems/rake-12.3.1/lib/rake/task.rb:271
  [1m[36mActiveRecord::InternalMetadata Create (0.5ms)[0m  [1m[32mINSERT INTO "ar_internal_metadata" ("key", "value", "created_at", "updated_at") VALUES ($1, $2, $3, $4) RETURNING "key"[0m  [["key", "environment"], ["value", "development"], ["created_at", "2018-11-27 19:20:58.294825"], ["updated_at", "2018-11-27 19:20:58.294825"]]
  ↳ /Users/learn/.rvm/gems/ruby-2.3.1/gems/rake-12.3.1/lib/rake/task.rb:271
  [1m[35m (0.6ms)[0m  [1m[35mCOMMIT[0m
  ↳ /Users/learn/.rvm/gems/ruby-2.3.1/gems/rake-12.3.1/lib/rake/task.rb:271
  [1m[35m (0.3ms)[0m  [1m[34mSELECT pg_advisory_unlock(4838859294382010205)[0m
  ↳ /Users/learn/.rvm/gems/ruby-2.3.1/gems/rake-12.3.1/lib/rake/task.rb:271
  [1m[35m (0.2ms)[0m  [1m[34mSELECT "schema_migrations"."version" FROM "schema_migrations" ORDER BY "schema_migrations"."version" ASC[0m
  ↳ /Users/learn/.rvm/gems/ruby-2.3.1/gems/rake-12.3.1/lib/rake/task.rb:271
  [1m[35m (0.2ms)[0m  [1m[34mSELECT pg_try_advisory_lock(4838859294382010205)[0m
  ↳ /Users/learn/.rvm/gems/ruby-2.3.1/gems/rake-12.3.1/lib/rake/task.rb:271
  [1m[35m (0.5ms)[0m  [1m[34mSELECT "schema_migrations"."version" FROM "schema_migrations" ORDER BY "schema_migrations"."version" ASC[0m
  ↳ /Users/learn/.rvm/gems/ruby-2.3.1/gems/rake-12.3.1/lib/rake/task.rb:271
Migrating to AddJtiMatcherToUsers (20181127192111)
  [1m[35m (0.1ms)[0m  [1m[35mBEGIN[0m
  ↳ /Users/learn/.rvm/gems/ruby-2.3.1/gems/rake-12.3.1/lib/rake/task.rb:271
  [1m[35m (28.4ms)[0m  [1m[35mALTER TABLE "users" ADD "jti" character varying[0m
  ↳ db/migrate/20181127192111_add_jti_matcher_to_users.rb:3
  [1m[35m (54.1ms)[0m  [1m[35mCREATE UNIQUE INDEX  "index_users_on_jti" ON "users"  ("jti")[0m
  ↳ db/migrate/20181127192111_add_jti_matcher_to_users.rb:4
  [1m[36mActiveRecord::SchemaMigration Create (0.6ms)[0m  [1m[32mINSERT INTO "schema_migrations" ("version") VALUES ($1) RETURNING "version"[0m  [["version", "20181127192111"]]
  ↳ /Users/learn/.rvm/gems/ruby-2.3.1/gems/rake-12.3.1/lib/rake/task.rb:271
  [1m[35m (0.4ms)[0m  [1m[35mCOMMIT[0m
  ↳ /Users/learn/.rvm/gems/ruby-2.3.1/gems/rake-12.3.1/lib/rake/task.rb:271
  [1m[36mActiveRecord::InternalMetadata Load (0.4ms)[0m  [1m[34mSELECT  "ar_internal_metadata".* FROM "ar_internal_metadata" WHERE "ar_internal_metadata"."key" = $1 LIMIT $2[0m  [["key", "environment"], ["LIMIT", 1]]
  ↳ /Users/learn/.rvm/gems/ruby-2.3.1/gems/rake-12.3.1/lib/rake/task.rb:271
  [1m[35m (0.1ms)[0m  [1m[35mBEGIN[0m
  ↳ /Users/learn/.rvm/gems/ruby-2.3.1/gems/rake-12.3.1/lib/rake/task.rb:271
  [1m[35m (0.3ms)[0m  [1m[35mCOMMIT[0m
  ↳ /Users/learn/.rvm/gems/ruby-2.3.1/gems/rake-12.3.1/lib/rake/task.rb:271
  [1m[35m (0.2ms)[0m  [1m[34mSELECT pg_advisory_unlock(4838859294382010205)[0m
  ↳ /Users/learn/.rvm/gems/ruby-2.3.1/gems/rake-12.3.1/lib/rake/task.rb:271
  [1m[35m (0.2ms)[0m  [1m[34mSELECT "schema_migrations"."version" FROM "schema_migrations" ORDER BY "schema_migrations"."version" ASC[0m
  ↳ /Users/learn/.rvm/gems/ruby-2.3.1/gems/rake-12.3.1/lib/rake/task.rb:271
  [1m[35m (0.2ms)[0m  [1m[34mSELECT pg_try_advisory_lock(4838859294382010205)[0m
  ↳ /Users/learn/.rvm/gems/ruby-2.3.1/gems/rake-12.3.1/lib/rake/task.rb:271
  [1m[35m (0.5ms)[0m  [1m[34mSELECT "schema_migrations"."version" FROM "schema_migrations" ORDER BY "schema_migrations"."version" ASC[0m
  ↳ /Users/learn/.rvm/gems/ruby-2.3.1/gems/rake-12.3.1/lib/rake/task.rb:271
Migrating to CreateApartments (20181127193931)
  [1m[35m (0.2ms)[0m  [1m[35mBEGIN[0m
  ↳ /Users/learn/.rvm/gems/ruby-2.3.1/gems/rake-12.3.1/lib/rake/task.rb:271
  [1m[35m (44.0ms)[0m  [1m[35mCREATE TABLE "apartments" ("id" bigserial primary key, "street1" character varying, "street2" character varying, "city" character varying, "postal_code" character varying, "state" character varying, "country" character varying, "manager" character varying, "manager_name" character varying, "phone_number" character varying, "hours_to_contact" character varying, "created_at" timestamp NOT NULL, "updated_at" timestamp NOT NULL)[0m
  ↳ db/migrate/20181127193931_create_apartments.rb:3
  [1m[36mActiveRecord::SchemaMigration Create (0.4ms)[0m  [1m[32mINSERT INTO "schema_migrations" ("version") VALUES ($1) RETURNING "version"[0m  [["version", "20181127193931"]]
  ↳ /Users/learn/.rvm/gems/ruby-2.3.1/gems/rake-12.3.1/lib/rake/task.rb:271
  [1m[35m (1.0ms)[0m  [1m[35mCOMMIT[0m
  ↳ /Users/learn/.rvm/gems/ruby-2.3.1/gems/rake-12.3.1/lib/rake/task.rb:271
  [1m[36mActiveRecord::InternalMetadata Load (1.0ms)[0m  [1m[34mSELECT  "ar_internal_metadata".* FROM "ar_internal_metadata" WHERE "ar_internal_metadata"."key" = $1 LIMIT $2[0m  [["key", "environment"], ["LIMIT", 1]]
  ↳ /Users/learn/.rvm/gems/ruby-2.3.1/gems/rake-12.3.1/lib/rake/task.rb:271
  [1m[35m (0.1ms)[0m  [1m[35mBEGIN[0m
  ↳ /Users/learn/.rvm/gems/ruby-2.3.1/gems/rake-12.3.1/lib/rake/task.rb:271
  [1m[35m (0.1ms)[0m  [1m[35mCOMMIT[0m
  ↳ /Users/learn/.rvm/gems/ruby-2.3.1/gems/rake-12.3.1/lib/rake/task.rb:271
  [1m[35m (0.2ms)[0m  [1m[34mSELECT pg_advisory_unlock(4838859294382010205)[0m
  ↳ /Users/learn/.rvm/gems/ruby-2.3.1/gems/rake-12.3.1/lib/rake/task.rb:271
  [1m[35m (0.2ms)[0m  [1m[34mSELECT "schema_migrations"."version" FROM "schema_migrations" ORDER BY "schema_migrations"."version" ASC[0m
  ↳ /Users/learn/.rvm/gems/ruby-2.3.1/gems/rake-12.3.1/lib/rake/task.rb:271
  [1m[35m (0.5ms)[0m  [1m[34mSELECT "schema_migrations"."version" FROM "schema_migrations" ORDER BY "schema_migrations"."version" ASC[0m
  ↳ /Users/learn/.rvm/gems/ruby-2.3.1/gems/rake-12.3.1/lib/rake/task.rb:271
  [1m[35m (0.5ms)[0m  [1m[34mSELECT "schema_migrations"."version" FROM "schema_migrations" ORDER BY "schema_migrations"."version" ASC[0m
  ↳ /Users/learn/.rvm/gems/ruby-2.3.1/gems/rake-12.3.1/lib/rake/task.rb:271
  [1m[35m (0.3ms)[0m  [1m[34mSELECT "ar_internal_metadata"."value" FROM "ar_internal_metadata" WHERE "ar_internal_metadata"."key" = $1[0m  [["key", "environment"]]
  ↳ /Users/learn/.rvm/gems/ruby-2.3.1/gems/rake-12.3.1/lib/rake/task.rb:271
  [1m[35m (0.2ms)[0m  [1m[34mSELECT "schema_migrations"."version" FROM "schema_migrations" ORDER BY "schema_migrations"."version" ASC[0m
  ↳ /Users/learn/.rvm/gems/ruby-2.3.1/gems/rake-12.3.1/lib/rake/task.rb:271
  [1m[35m (0.2ms)[0m  [1m[34mSELECT "ar_internal_metadata"."value" FROM "ar_internal_metadata" WHERE "ar_internal_metadata"."key" = $1[0m  [["key", "environment"]]
  ↳ /Users/learn/.rvm/gems/ruby-2.3.1/gems/rake-12.3.1/lib/rake/task.rb:271
  [1m[35m (0.2ms)[0m  [1m[34mSELECT "schema_migrations"."version" FROM "schema_migrations" ORDER BY "schema_migrations"."version" ASC[0m
  ↳ /Users/learn/.rvm/gems/ruby-2.3.1/gems/rake-12.3.1/lib/rake/task.rb:271
  [1m[35m (0.2ms)[0m  [1m[34mSELECT "ar_internal_metadata"."value" FROM "ar_internal_metadata" WHERE "ar_internal_metadata"."key" = $1[0m  [["key", "environment"]]
  ↳ /Users/learn/.rvm/gems/ruby-2.3.1/gems/rake-12.3.1/lib/rake/task.rb:271
  [1m[35m (669.5ms)[0m  [1m[35mDROP DATABASE IF EXISTS "apartment-backend_development"[0m
  ↳ /Users/learn/.rvm/gems/ruby-2.3.1/gems/rake-12.3.1/lib/rake/task.rb:271
  [1m[35m (195.4ms)[0m  [1m[35mDROP DATABASE IF EXISTS "apartment-backend_test"[0m
  ↳ /Users/learn/.rvm/gems/ruby-2.3.1/gems/rake-12.3.1/lib/rake/task.rb:271
  [1m[35m (379.6ms)[0m  [1m[35mCREATE DATABASE "apartment-backend_development" ENCODING = 'unicode'[0m
  ↳ /Users/learn/.rvm/gems/ruby-2.3.1/gems/rake-12.3.1/lib/rake/task.rb:271
  [1m[35m (393.3ms)[0m  [1m[35mCREATE DATABASE "apartment-backend_test" ENCODING = 'unicode'[0m
  ↳ /Users/learn/.rvm/gems/ruby-2.3.1/gems/rake-12.3.1/lib/rake/task.rb:271
  [1m[35m (4.4ms)[0m  [1m[35mCREATE TABLE "schema_migrations" ("version" character varying NOT NULL PRIMARY KEY)[0m
  ↳ /Users/learn/.rvm/gems/ruby-2.3.1/gems/rake-12.3.1/lib/rake/task.rb:271
  [1m[35m (2.5ms)[0m  [1m[35mCREATE TABLE "ar_internal_metadata" ("key" character varying NOT NULL PRIMARY KEY, "value" character varying, "created_at" timestamp NOT NULL, "updated_at" timestamp NOT NULL)[0m
  ↳ /Users/learn/.rvm/gems/ruby-2.3.1/gems/rake-12.3.1/lib/rake/task.rb:271
  [1m[35m (0.2ms)[0m  [1m[34mSELECT pg_try_advisory_lock(4838859294382010205)[0m
  ↳ /Users/learn/.rvm/gems/ruby-2.3.1/gems/rake-12.3.1/lib/rake/task.rb:271
  [1m[35m (0.4ms)[0m  [1m[34mSELECT "schema_migrations"."version" FROM "schema_migrations" ORDER BY "schema_migrations"."version" ASC[0m
  ↳ /Users/learn/.rvm/gems/ruby-2.3.1/gems/rake-12.3.1/lib/rake/task.rb:271
Migrating to DeviseCreateUsers (20181127184117)
  [1m[35m (0.1ms)[0m  [1m[35mBEGIN[0m
  ↳ /Users/learn/.rvm/gems/ruby-2.3.1/gems/rake-12.3.1/lib/rake/task.rb:271
  [1m[35m (2.9ms)[0m  [1m[35mCREATE TABLE "users" ("id" bigserial primary key, "email" character varying DEFAULT '' NOT NULL, "encrypted_password" character varying DEFAULT '' NOT NULL, "reset_password_token" character varying, "reset_password_sent_at" timestamp, "remember_created_at" timestamp, "created_at" timestamp NOT NULL, "updated_at" timestamp NOT NULL)[0m
  ↳ db/migrate/20181127184117_devise_create_users.rb:5
  [1m[35m (0.8ms)[0m  [1m[35mCREATE UNIQUE INDEX  "index_users_on_email" ON "users"  ("email")[0m
  ↳ db/migrate/20181127184117_devise_create_users.rb:39
  [1m[35m (1.1ms)[0m  [1m[35mCREATE UNIQUE INDEX  "index_users_on_reset_password_token" ON "users"  ("reset_password_token")[0m
  ↳ db/migrate/20181127184117_devise_create_users.rb:40
  [1m[36mActiveRecord::SchemaMigration Create (0.4ms)[0m  [1m[32mINSERT INTO "schema_migrations" ("version") VALUES ($1) RETURNING "version"[0m  [["version", "20181127184117"]]
  ↳ /Users/learn/.rvm/gems/ruby-2.3.1/gems/rake-12.3.1/lib/rake/task.rb:271
  [1m[35m (0.7ms)[0m  [1m[35mCOMMIT[0m
  ↳ /Users/learn/.rvm/gems/ruby-2.3.1/gems/rake-12.3.1/lib/rake/task.rb:271
Migrating to CreateApartments (20181127193931)
  [1m[35m (0.2ms)[0m  [1m[35mBEGIN[0m
  ↳ /Users/learn/.rvm/gems/ruby-2.3.1/gems/rake-12.3.1/lib/rake/task.rb:271
  [1m[35m (2.5ms)[0m  [1m[35mCREATE TABLE "apartments" ("id" bigserial primary key, "street1" character varying, "street2" character varying, "city" character varying, "postal_code" character varying, "state" character varying, "country" character varying, "manager" character varying, "manager_name" character varying, "phone_number" character varying, "hours_to_contact" character varying, "created_at" timestamp NOT NULL, "updated_at" timestamp NOT NULL)[0m
  ↳ db/migrate/20181127193931_create_apartments.rb:3
  [1m[36mActiveRecord::SchemaMigration Create (0.3ms)[0m  [1m[32mINSERT INTO "schema_migrations" ("version") VALUES ($1) RETURNING "version"[0m  [["version", "20181127193931"]]
  ↳ /Users/learn/.rvm/gems/ruby-2.3.1/gems/rake-12.3.1/lib/rake/task.rb:271
  [1m[35m (0.6ms)[0m  [1m[35mCOMMIT[0m
  ↳ /Users/learn/.rvm/gems/ruby-2.3.1/gems/rake-12.3.1/lib/rake/task.rb:271
Migrating to AddJtiMatcherToUsers (20181127194907)
  [1m[35m (40.6ms)[0m  [1m[35mBEGIN[0m
  ↳ /Users/learn/.rvm/gems/ruby-2.3.1/gems/rake-12.3.1/lib/rake/task.rb:271
  [1m[35m (0.4ms)[0m  [1m[35mALTER TABLE "users" ADD "jti" character varying[0m
  ↳ db/migrate/20181127194907_add_jti_matcher_to_users.rb:3
  [1m[35m (0.9ms)[0m  [1m[35mCREATE UNIQUE INDEX  "index_users_on_jti" ON "users"  ("jti")[0m
  ↳ db/migrate/20181127194907_add_jti_matcher_to_users.rb:4
  [1m[36mActiveRecord::SchemaMigration Create (0.2ms)[0m  [1m[32mINSERT INTO "schema_migrations" ("version") VALUES ($1) RETURNING "version"[0m  [["version", "20181127194907"]]
  ↳ /Users/learn/.rvm/gems/ruby-2.3.1/gems/rake-12.3.1/lib/rake/task.rb:271
  [1m[35m (0.4ms)[0m  [1m[35mCOMMIT[0m
  ↳ /Users/learn/.rvm/gems/ruby-2.3.1/gems/rake-12.3.1/lib/rake/task.rb:271
  [1m[36mActiveRecord::InternalMetadata Load (0.4ms)[0m  [1m[34mSELECT  "ar_internal_metadata".* FROM "ar_internal_metadata" WHERE "ar_internal_metadata"."key" = $1 LIMIT $2[0m  [["key", "environment"], ["LIMIT", 1]]
  ↳ /Users/learn/.rvm/gems/ruby-2.3.1/gems/rake-12.3.1/lib/rake/task.rb:271
  [1m[35m (0.2ms)[0m  [1m[35mBEGIN[0m
  ↳ /Users/learn/.rvm/gems/ruby-2.3.1/gems/rake-12.3.1/lib/rake/task.rb:271
  [1m[36mActiveRecord::InternalMetadata Create (0.4ms)[0m  [1m[32mINSERT INTO "ar_internal_metadata" ("key", "value", "created_at", "updated_at") VALUES ($1, $2, $3, $4) RETURNING "key"[0m  [["key", "environment"], ["value", "development"], ["created_at", "2018-11-27 19:50:10.253416"], ["updated_at", "2018-11-27 19:50:10.253416"]]
  ↳ /Users/learn/.rvm/gems/ruby-2.3.1/gems/rake-12.3.1/lib/rake/task.rb:271
  [1m[35m (0.4ms)[0m  [1m[35mCOMMIT[0m
  ↳ /Users/learn/.rvm/gems/ruby-2.3.1/gems/rake-12.3.1/lib/rake/task.rb:271
  [1m[35m (0.4ms)[0m  [1m[34mSELECT pg_advisory_unlock(4838859294382010205)[0m
  ↳ /Users/learn/.rvm/gems/ruby-2.3.1/gems/rake-12.3.1/lib/rake/task.rb:271
  [1m[35m (0.5ms)[0m  [1m[34mSELECT "schema_migrations"."version" FROM "schema_migrations" ORDER BY "schema_migrations"."version" ASC[0m
  ↳ /Users/learn/.rvm/gems/ruby-2.3.1/gems/rake-12.3.1/lib/rake/task.rb:271
  [1m[35m (0.9ms)[0m  [1m[34mSELECT "schema_migrations"."version" FROM "schema_migrations" ORDER BY "schema_migrations"."version" ASC[0m
  ↳ /Users/learn/.rvm/gems/ruby-2.3.1/gems/rake-12.3.1/lib/rake/task.rb:271
  [1m[36mApartment Load (0.4ms)[0m  [1m[34mSELECT  "apartments".* FROM "apartments" LIMIT $1[0m  [["LIMIT", 11]]
  [1m[35m (0.2ms)[0m  [1m[35mBEGIN[0m
  [1m[36mApartment Create (0.7ms)[0m  [1m[32mINSERT INTO "apartments" ("street1", "street2", "city", "postal_code", "state", "country", "manager", "manager_name", "phone_number", "hours_to_contact", "created_at", "updated_at") VALUES ($1, $2, $3, $4, $5, $6, $7, $8, $9, $10, $11, $12) RETURNING "id"[0m  [["street1", "404 west"], ["street2", "apt 4"], ["city", "San Diego"], ["postal_code", "123456"], ["state", "CA"], ["country", "US"], ["manager", "Jane"], ["manager_name", "Jane"], ["phone_number", "1234567890"], ["hours_to_contact", "1pm-5pm"], ["created_at", "2018-11-27 19:58:58.942566"], ["updated_at", "2018-11-27 19:58:58.942566"]]
  [1m[35m (1.6ms)[0m  [1m[35mCOMMIT[0m
  [1m[36mApartment Load (0.3ms)[0m  [1m[34mSELECT  "apartments".* FROM "apartments" LIMIT $1[0m  [["LIMIT", 11]]
  [1m[35m (0.5ms)[0m  [1m[34mSELECT "schema_migrations"."version" FROM "schema_migrations" ORDER BY "schema_migrations"."version" ASC[0m
  ↳ /Users/learn/.rvm/gems/ruby-2.3.1/gems/rake-12.3.1/lib/rake/task.rb:271
  [1m[35m (0.5ms)[0m  [1m[34mSELECT "schema_migrations"."version" FROM "schema_migrations" ORDER BY "schema_migrations"."version" ASC[0m
  ↳ /Users/learn/.rvm/gems/ruby-2.3.1/gems/rake-12.3.1/lib/rake/task.rb:271
  [1m[35m (0.5ms)[0m  [1m[34mSELECT "schema_migrations"."version" FROM "schema_migrations" ORDER BY "schema_migrations"."version" ASC[0m
  ↳ /Users/learn/.rvm/gems/ruby-2.3.1/gems/rake-12.3.1/lib/rake/task.rb:271
  [1m[35m (0.3ms)[0m  [1m[34mSELECT pg_try_advisory_lock(4838859294382010205)[0m
  ↳ /Users/learn/.rvm/gems/ruby-2.3.1/gems/rake-12.3.1/lib/rake/task.rb:271
  [1m[35m (0.5ms)[0m  [1m[34mSELECT "schema_migrations"."version" FROM "schema_migrations" ORDER BY "schema_migrations"."version" ASC[0m
  ↳ /Users/learn/.rvm/gems/ruby-2.3.1/gems/rake-12.3.1/lib/rake/task.rb:271
Migrating to Drop (20181127225807)
  [1m[35m (0.1ms)[0m  [1m[35mBEGIN[0m
  ↳ /Users/learn/.rvm/gems/ruby-2.3.1/gems/rake-12.3.1/lib/rake/task.rb:271
  [1m[36mActiveRecord::SchemaMigration Create (0.4ms)[0m  [1m[32mINSERT INTO "schema_migrations" ("version") VALUES ($1) RETURNING "version"[0m  [["version", "20181127225807"]]
  ↳ /Users/learn/.rvm/gems/ruby-2.3.1/gems/rake-12.3.1/lib/rake/task.rb:271
  [1m[35m (209.0ms)[0m  [1m[35mCOMMIT[0m
  ↳ /Users/learn/.rvm/gems/ruby-2.3.1/gems/rake-12.3.1/lib/rake/task.rb:271
  [1m[36mActiveRecord::InternalMetadata Load (0.4ms)[0m  [1m[34mSELECT  "ar_internal_metadata".* FROM "ar_internal_metadata" WHERE "ar_internal_metadata"."key" = $1 LIMIT $2[0m  [["key", "environment"], ["LIMIT", 1]]
  ↳ /Users/learn/.rvm/gems/ruby-2.3.1/gems/rake-12.3.1/lib/rake/task.rb:271
  [1m[35m (0.2ms)[0m  [1m[35mBEGIN[0m
  ↳ /Users/learn/.rvm/gems/ruby-2.3.1/gems/rake-12.3.1/lib/rake/task.rb:271
  [1m[35m (0.3ms)[0m  [1m[35mCOMMIT[0m
  ↳ /Users/learn/.rvm/gems/ruby-2.3.1/gems/rake-12.3.1/lib/rake/task.rb:271
  [1m[35m (0.2ms)[0m  [1m[34mSELECT pg_advisory_unlock(4838859294382010205)[0m
  ↳ /Users/learn/.rvm/gems/ruby-2.3.1/gems/rake-12.3.1/lib/rake/task.rb:271
  [1m[35m (0.2ms)[0m  [1m[34mSELECT "schema_migrations"."version" FROM "schema_migrations" ORDER BY "schema_migrations"."version" ASC[0m
  ↳ /Users/learn/.rvm/gems/ruby-2.3.1/gems/rake-12.3.1/lib/rake/task.rb:271
  [1m[35m (0.5ms)[0m  [1m[34mSELECT "schema_migrations"."version" FROM "schema_migrations" ORDER BY "schema_migrations"."version" ASC[0m
  ↳ /Users/learn/.rvm/gems/ruby-2.3.1/gems/rake-12.3.1/lib/rake/task.rb:271
  [1m[36mApartment Load (0.4ms)[0m  [1m[34mSELECT  "apartments".* FROM "apartments" LIMIT $1[0m  [["LIMIT", 11]]
  [1m[35m (0.2ms)[0m  [1m[34mSELECT pg_try_advisory_lock(4838859294382010205)[0m
  ↳ /Users/learn/.rvm/gems/ruby-2.3.1/gems/rake-12.3.1/lib/rake/task.rb:271
  [1m[35m (0.5ms)[0m  [1m[34mSELECT "schema_migrations"."version" FROM "schema_migrations" ORDER BY "schema_migrations"."version" ASC[0m
  ↳ /Users/learn/.rvm/gems/ruby-2.3.1/gems/rake-12.3.1/lib/rake/task.rb:271
Migrating to DropApartments (20181127230220)
  [1m[35m (0.1ms)[0m  [1m[35mBEGIN[0m
  ↳ /Users/learn/.rvm/gems/ruby-2.3.1/gems/rake-12.3.1/lib/rake/task.rb:271
  [1m[35m (1.4ms)[0m  [1m[35mDROP TABLE "apartments"[0m
  ↳ db/migrate/20181127230220_drop_apartments.rb:3
  [1m[36mActiveRecord::SchemaMigration Create (0.4ms)[0m  [1m[32mINSERT INTO "schema_migrations" ("version") VALUES ($1) RETURNING "version"[0m  [["version", "20181127230220"]]
  ↳ /Users/learn/.rvm/gems/ruby-2.3.1/gems/rake-12.3.1/lib/rake/task.rb:271
  [1m[35m (41.8ms)[0m  [1m[35mCOMMIT[0m
  ↳ /Users/learn/.rvm/gems/ruby-2.3.1/gems/rake-12.3.1/lib/rake/task.rb:271
  [1m[36mActiveRecord::InternalMetadata Load (0.9ms)[0m  [1m[34mSELECT  "ar_internal_metadata".* FROM "ar_internal_metadata" WHERE "ar_internal_metadata"."key" = $1 LIMIT $2[0m  [["key", "environment"], ["LIMIT", 1]]
  ↳ /Users/learn/.rvm/gems/ruby-2.3.1/gems/rake-12.3.1/lib/rake/task.rb:271
  [1m[35m (0.1ms)[0m  [1m[35mBEGIN[0m
  ↳ /Users/learn/.rvm/gems/ruby-2.3.1/gems/rake-12.3.1/lib/rake/task.rb:271
  [1m[35m (0.2ms)[0m  [1m[35mCOMMIT[0m
  ↳ /Users/learn/.rvm/gems/ruby-2.3.1/gems/rake-12.3.1/lib/rake/task.rb:271
  [1m[35m (0.5ms)[0m  [1m[34mSELECT pg_advisory_unlock(4838859294382010205)[0m
  ↳ /Users/learn/.rvm/gems/ruby-2.3.1/gems/rake-12.3.1/lib/rake/task.rb:271
  [1m[35m (1.4ms)[0m  [1m[34mSELECT "schema_migrations"."version" FROM "schema_migrations" ORDER BY "schema_migrations"."version" ASC[0m
  ↳ /Users/learn/.rvm/gems/ruby-2.3.1/gems/rake-12.3.1/lib/rake/task.rb:271
  [1m[35m (0.6ms)[0m  [1m[34mSELECT "schema_migrations"."version" FROM "schema_migrations" ORDER BY "schema_migrations"."version" ASC[0m
  ↳ /Users/learn/.rvm/gems/ruby-2.3.1/gems/rake-12.3.1/lib/rake/task.rb:271
  [1m[35m (0.2ms)[0m  [1m[34mSELECT pg_try_advisory_lock(4838859294382010205)[0m
  ↳ /Users/learn/.rvm/gems/ruby-2.3.1/gems/rake-12.3.1/lib/rake/task.rb:271
  [1m[35m (0.5ms)[0m  [1m[34mSELECT "schema_migrations"."version" FROM "schema_migrations" ORDER BY "schema_migrations"."version" ASC[0m
  ↳ /Users/learn/.rvm/gems/ruby-2.3.1/gems/rake-12.3.1/lib/rake/task.rb:271
Migrating to CreateApartments (20181127230749)
  [1m[35m (0.2ms)[0m  [1m[35mBEGIN[0m
  ↳ /Users/learn/.rvm/gems/ruby-2.3.1/gems/rake-12.3.1/lib/rake/task.rb:271
  [1m[35m (310.3ms)[0m  [1m[35mCREATE TABLE "apartments" ("id" bigserial primary key, "street1" character varying, "street2" character varying, "city" character varying, "postal_code" integer, "state" character varying, "country" character varying, "building_manager" character varying, "manager_phone" character varying, "manager_hours" character varying, "created_at" timestamp NOT NULL, "updated_at" timestamp NOT NULL)[0m
  ↳ db/migrate/20181127230749_create_apartments.rb:3
  [1m[36mActiveRecord::SchemaMigration Create (0.5ms)[0m  [1m[32mINSERT INTO "schema_migrations" ("version") VALUES ($1) RETURNING "version"[0m  [["version", "20181127230749"]]
  ↳ /Users/learn/.rvm/gems/ruby-2.3.1/gems/rake-12.3.1/lib/rake/task.rb:271
  [1m[35m (41.1ms)[0m  [1m[35mCOMMIT[0m
  ↳ /Users/learn/.rvm/gems/ruby-2.3.1/gems/rake-12.3.1/lib/rake/task.rb:271
  [1m[36mActiveRecord::InternalMetadata Load (0.3ms)[0m  [1m[34mSELECT  "ar_internal_metadata".* FROM "ar_internal_metadata" WHERE "ar_internal_metadata"."key" = $1 LIMIT $2[0m  [["key", "environment"], ["LIMIT", 1]]
  ↳ /Users/learn/.rvm/gems/ruby-2.3.1/gems/rake-12.3.1/lib/rake/task.rb:271
  [1m[35m (0.2ms)[0m  [1m[35mBEGIN[0m
  ↳ /Users/learn/.rvm/gems/ruby-2.3.1/gems/rake-12.3.1/lib/rake/task.rb:271
  [1m[35m (0.2ms)[0m  [1m[35mCOMMIT[0m
  ↳ /Users/learn/.rvm/gems/ruby-2.3.1/gems/rake-12.3.1/lib/rake/task.rb:271
  [1m[35m (0.2ms)[0m  [1m[34mSELECT pg_advisory_unlock(4838859294382010205)[0m
  ↳ /Users/learn/.rvm/gems/ruby-2.3.1/gems/rake-12.3.1/lib/rake/task.rb:271
  [1m[35m (0.2ms)[0m  [1m[34mSELECT "schema_migrations"."version" FROM "schema_migrations" ORDER BY "schema_migrations"."version" ASC[0m
  ↳ /Users/learn/.rvm/gems/ruby-2.3.1/gems/rake-12.3.1/lib/rake/task.rb:271
  [1m[35m (0.5ms)[0m  [1m[34mSELECT "schema_migrations"."version" FROM "schema_migrations" ORDER BY "schema_migrations"."version" ASC[0m
  ↳ /Users/learn/.rvm/gems/ruby-2.3.1/gems/rake-12.3.1/lib/rake/task.rb:271
  [1m[35m (0.5ms)[0m  [1m[34mSELECT "schema_migrations"."version" FROM "schema_migrations" ORDER BY "schema_migrations"."version" ASC[0m
  ↳ /Users/learn/.rvm/gems/ruby-2.3.1/gems/rake-12.3.1/lib/rake/task.rb:271
  [1m[35m (0.2ms)[0m  [1m[35mBEGIN[0m
  [1m[36mApartment Create (0.7ms)[0m  [1m[32mINSERT INTO "apartments" ("street1", "street2", "city", "postal_code", "state", "country", "building_manager", "manager_phone", "manager_hours", "created_at", "updated_at") VALUES ($1, $2, $3, $4, $5, $6, $7, $8, $9, $10, $11) RETURNING "id"[0m  [["street1", "100 sixth"], ["street2", "apt 6"], ["city", "San Diego"], ["postal_code", 123456], ["state", "CA"], ["country", "US"], ["building_manager", "Max"], ["manager_phone", "123-456-7890"], ["manager_hours", "5pm-6pm"], ["created_at", "2018-11-27 23:34:16.237063"], ["updated_at", "2018-11-27 23:34:16.237063"]]
  [1m[35m (1.6ms)[0m  [1m[35mCOMMIT[0m
  [1m[36mApartment Load (0.4ms)[0m  [1m[34mSELECT  "apartments".* FROM "apartments" LIMIT $1[0m  [["LIMIT", 11]]
  [1m[35m (0.2ms)[0m  [1m[35mBEGIN[0m
  [1m[36mApartment Create (0.4ms)[0m  [1m[32mINSERT INTO "apartments" ("street1", "street2", "city", "postal_code", "state", "country", "building_manager", "manager_phone", "manager_hours", "created_at", "updated_at") VALUES ($1, $2, $3, $4, $5, $6, $7, $8, $9, $10, $11) RETURNING "id"[0m  [["street1", "100 seventh"], ["street2", "apt 12"], ["city", "San Diego"], ["postal_code", 92111], ["state", "CA"], ["country", "US"], ["building_manager", "Andy"], ["manager_phone", "555-456-7890"], ["manager_hours", "5pm-6pm"], ["created_at", "2018-11-27 23:35:16.624118"], ["updated_at", "2018-11-27 23:35:16.624118"]]
  [1m[35m (1.5ms)[0m  [1m[35mCOMMIT[0m
Started GET "/" for 127.0.0.1 at 2018-11-27 15:57:18 -0800
  [1m[35m (0.6ms)[0m  [1m[34mSELECT "schema_migrations"."version" FROM "schema_migrations" ORDER BY "schema_migrations"."version" ASC[0m
  ↳ /Users/learn/.rvm/gems/ruby-2.3.1/gems/rack-2.0.6/lib/rack/runtime.rb:22
Processing by Rails::WelcomeController#index as HTML
  Rendering /Users/learn/.rvm/rubies/ruby-2.3.1/lib/ruby/gems/2.3.0/gems/railties-5.2.1/lib/rails/templates/rails/welcome/index.html.erb
  Rendered /Users/learn/.rvm/rubies/ruby-2.3.1/lib/ruby/gems/2.3.0/gems/railties-5.2.1/lib/rails/templates/rails/welcome/index.html.erb (6.9ms)
Completed 200 OK in 92ms (Views: 65.2ms | ActiveRecord: 0.0ms)


Started GET "/apartments" for 127.0.0.1 at 2018-11-27 15:57:25 -0800
Processing by ApartmentsController#index as HTML
  [1m[36mApartment Load (1.1ms)[0m  [1m[34mSELECT "apartments".* FROM "apartments"[0m
  ↳ app/controllers/apartments_controller.rb:4
Completed 200 OK in 55ms (Views: 40.4ms | ActiveRecord: 4.6ms)


Started GET "/apartments" for 127.0.0.1 at 2018-11-27 16:03:09 -0800
Processing by ApartmentsController#index as */*
  [1m[36mApartment Load (0.8ms)[0m  [1m[34mSELECT "apartments".* FROM "apartments"[0m
  ↳ app/controllers/apartments_controller.rb:4
Completed 200 OK in 4ms (Views: 2.8ms | ActiveRecord: 0.8ms)


Started GET "/apartments" for 127.0.0.1 at 2018-11-27 16:03:36 -0800
Processing by ApartmentsController#index as */*
  [1m[36mApartment Load (0.3ms)[0m  [1m[34mSELECT "apartments".* FROM "apartments"[0m
  ↳ app/controllers/apartments_controller.rb:4
Completed 200 OK in 2ms (Views: 1.8ms | ActiveRecord: 0.3ms)


Started GET "/apartments" for 127.0.0.1 at 2018-11-27 16:04:09 -0800
Processing by ApartmentsController#index as */*
  [1m[36mApartment Load (0.4ms)[0m  [1m[34mSELECT "apartments".* FROM "apartments"[0m
  ↳ app/controllers/apartments_controller.rb:4
Completed 200 OK in 3ms (Views: 2.1ms | ActiveRecord: 0.4ms)


Started GET "/apartments" for 127.0.0.1 at 2018-11-27 16:04:17 -0800
Processing by ApartmentsController#index as */*
  [1m[36mApartment Load (0.6ms)[0m  [1m[34mSELECT "apartments".* FROM "apartments"[0m
  ↳ app/controllers/apartments_controller.rb:4
Completed 200 OK in 4ms (Views: 2.8ms | ActiveRecord: 0.6ms)


Started GET "/apartments" for 127.0.0.1 at 2018-11-27 16:04:32 -0800
Processing by ApartmentsController#index as */*
  [1m[36mApartment Load (0.3ms)[0m  [1m[34mSELECT "apartments".* FROM "apartments"[0m
  ↳ app/controllers/apartments_controller.rb:4
Completed 200 OK in 3ms (Views: 2.1ms | ActiveRecord: 0.3ms)


Started GET "/apartments" for 127.0.0.1 at 2018-11-27 16:05:14 -0800
Processing by ApartmentsController#index as */*
  [1m[36mApartment Load (0.3ms)[0m  [1m[34mSELECT "apartments".* FROM "apartments"[0m
  ↳ app/controllers/apartments_controller.rb:4
Completed 200 OK in 3ms (Views: 2.0ms | ActiveRecord: 0.3ms)


Started GET "/apartments" for 127.0.0.1 at 2018-11-27 16:05:45 -0800
Processing by ApartmentsController#index as */*
  [1m[36mApartment Load (0.7ms)[0m  [1m[34mSELECT "apartments".* FROM "apartments"[0m
  ↳ app/controllers/apartments_controller.rb:4
Completed 200 OK in 4ms (Views: 2.7ms | ActiveRecord: 0.7ms)


Started GET "/apartments" for 127.0.0.1 at 2018-11-27 16:05:45 -0800
Processing by ApartmentsController#index as */*
  [1m[36mApartment Load (2.0ms)[0m  [1m[34mSELECT "apartments".* FROM "apartments"[0m
  ↳ app/controllers/apartments_controller.rb:4
Completed 200 OK in 5ms (Views: 2.9ms | ActiveRecord: 2.0ms)


Started GET "/apartments" for 127.0.0.1 at 2018-11-27 16:05:56 -0800
Processing by ApartmentsController#index as */*
  [1m[36mApartment Load (0.4ms)[0m  [1m[34mSELECT "apartments".* FROM "apartments"[0m
  ↳ app/controllers/apartments_controller.rb:4
Completed 200 OK in 3ms (Views: 2.6ms | ActiveRecord: 0.4ms)


Started GET "/apartments" for 127.0.0.1 at 2018-11-27 16:05:56 -0800
Processing by ApartmentsController#index as */*
  [1m[36mApartment Load (1.2ms)[0m  [1m[34mSELECT "apartments".* FROM "apartments"[0m
  ↳ app/controllers/apartments_controller.rb:4
Completed 200 OK in 4ms (Views: 2.7ms | ActiveRecord: 1.2ms)


Started GET "/apartments" for 127.0.0.1 at 2018-11-27 16:06:07 -0800
Processing by ApartmentsController#index as */*
  [1m[36mApartment Load (15.6ms)[0m  [1m[34mSELECT "apartments".* FROM "apartments"[0m
  ↳ app/controllers/apartments_controller.rb:4
Completed 200 OK in 19ms (Views: 2.9ms | ActiveRecord: 15.6ms)


Started GET "/apartments" for 127.0.0.1 at 2018-11-27 16:06:07 -0800
Processing by ApartmentsController#index as */*
  [1m[36mApartment Load (36.5ms)[0m  [1m[34mSELECT "apartments".* FROM "apartments"[0m
  ↳ app/controllers/apartments_controller.rb:4
Completed 200 OK in 40ms (Views: 2.8ms | ActiveRecord: 36.5ms)


Started GET "/apartments" for 127.0.0.1 at 2018-11-27 16:06:30 -0800
Processing by ApartmentsController#index as */*
  [1m[36mApartment Load (0.3ms)[0m  [1m[34mSELECT "apartments".* FROM "apartments"[0m
  ↳ app/controllers/apartments_controller.rb:4
Completed 200 OK in 3ms (Views: 2.8ms | ActiveRecord: 0.3ms)


Started GET "/apartments" for 127.0.0.1 at 2018-11-27 16:07:49 -0800
Processing by ApartmentsController#index as */*
  [1m[36mApartment Load (4.7ms)[0m  [1m[34mSELECT "apartments".* FROM "apartments"[0m
  ↳ app/controllers/apartments_controller.rb:4
Completed 200 OK in 8ms (Views: 2.7ms | ActiveRecord: 4.7ms)


Started GET "/apartments" for 127.0.0.1 at 2018-11-27 16:07:55 -0800
Processing by ApartmentsController#index as */*
  [1m[36mApartment Load (8.8ms)[0m  [1m[34mSELECT "apartments".* FROM "apartments"[0m
  ↳ app/controllers/apartments_controller.rb:4
Completed 200 OK in 12ms (Views: 2.7ms | ActiveRecord: 8.8ms)


Started GET "/apartments" for 127.0.0.1 at 2018-11-27 16:08:07 -0800
Processing by ApartmentsController#index as */*
  [1m[36mApartment Load (0.4ms)[0m  [1m[34mSELECT "apartments".* FROM "apartments"[0m
  ↳ app/controllers/apartments_controller.rb:4
Completed 200 OK in 3ms (Views: 2.1ms | ActiveRecord: 0.4ms)


Started GET "/apartments" for 127.0.0.1 at 2018-11-27 16:09:44 -0800
Processing by ApartmentsController#index as */*
  [1m[36mApartment Load (0.4ms)[0m  [1m[34mSELECT "apartments".* FROM "apartments"[0m
  ↳ app/controllers/apartments_controller.rb:4
Completed 200 OK in 3ms (Views: 2.8ms | ActiveRecord: 0.4ms)


Started GET "/apartments" for 127.0.0.1 at 2018-11-27 16:09:59 -0800
Processing by ApartmentsController#index as */*
  [1m[36mApartment Load (0.4ms)[0m  [1m[34mSELECT "apartments".* FROM "apartments"[0m
  ↳ app/controllers/apartments_controller.rb:4
Completed 200 OK in 3ms (Views: 2.1ms | ActiveRecord: 0.4ms)


Started GET "/apartments" for 127.0.0.1 at 2018-11-27 16:10:13 -0800
Processing by ApartmentsController#index as */*
  [1m[36mApartment Load (0.4ms)[0m  [1m[34mSELECT "apartments".* FROM "apartments"[0m
  ↳ app/controllers/apartments_controller.rb:4
Completed 200 OK in 3ms (Views: 2.0ms | ActiveRecord: 0.4ms)


Started GET "/apartments" for 127.0.0.1 at 2018-11-27 16:10:23 -0800
Processing by ApartmentsController#index as */*
  [1m[36mApartment Load (1.3ms)[0m  [1m[34mSELECT "apartments".* FROM "apartments"[0m
  ↳ app/controllers/apartments_controller.rb:4
Completed 200 OK in 4ms (Views: 2.6ms | ActiveRecord: 1.3ms)


Started GET "/apartments" for 127.0.0.1 at 2018-11-27 16:10:49 -0800
Processing by ApartmentsController#index as */*
  [1m[36mApartment Load (0.3ms)[0m  [1m[34mSELECT "apartments".* FROM "apartments"[0m
  ↳ app/controllers/apartments_controller.rb:4
Completed 200 OK in 3ms (Views: 2.2ms | ActiveRecord: 0.3ms)


Started GET "/apartments" for 127.0.0.1 at 2018-11-27 16:10:58 -0800
Processing by ApartmentsController#index as */*
  [1m[36mApartment Load (14.0ms)[0m  [1m[34mSELECT "apartments".* FROM "apartments"[0m
  ↳ app/controllers/apartments_controller.rb:4
Completed 200 OK in 17ms (Views: 2.5ms | ActiveRecord: 14.0ms)


Started GET "/apartments" for 127.0.0.1 at 2018-11-27 16:11:10 -0800
Processing by ApartmentsController#index as */*
  [1m[36mApartment Load (2.1ms)[0m  [1m[34mSELECT "apartments".* FROM "apartments"[0m
  ↳ app/controllers/apartments_controller.rb:4
Completed 200 OK in 6ms (Views: 3.1ms | ActiveRecord: 2.1ms)


Started GET "/apartments" for 127.0.0.1 at 2018-11-27 16:18:32 -0800
Processing by ApartmentsController#index as */*
  [1m[36mApartment Load (0.6ms)[0m  [1m[34mSELECT "apartments".* FROM "apartments"[0m
  ↳ app/controllers/apartments_controller.rb:4
Completed 200 OK in 3ms (Views: 2.3ms | ActiveRecord: 0.6ms)


Started GET "/apartments" for 127.0.0.1 at 2018-11-27 16:25:58 -0800
Processing by ApartmentsController#index as */*
  [1m[36mApartment Load (1.0ms)[0m  [1m[34mSELECT "apartments".* FROM "apartments"[0m
  ↳ app/controllers/apartments_controller.rb:4
Completed 200 OK in 5ms (Views: 3.7ms | ActiveRecord: 1.0ms)


Started GET "/apartments/1" for 127.0.0.1 at 2018-11-27 16:33:59 -0800
  
AbstractController::ActionNotFound (The action 'show' could not be found for ApartmentsController):
  
actionpack (5.2.1) lib/abstract_controller/base.rb:129:in `process'
actionpack (5.2.1) lib/action_controller/metal.rb:191:in `dispatch'
actionpack (5.2.1) lib/action_controller/metal.rb:252:in `dispatch'
actionpack (5.2.1) lib/action_dispatch/routing/route_set.rb:52:in `dispatch'
actionpack (5.2.1) lib/action_dispatch/routing/route_set.rb:34:in `serve'
actionpack (5.2.1) lib/action_dispatch/journey/router.rb:52:in `block in serve'
actionpack (5.2.1) lib/action_dispatch/journey/router.rb:35:in `each'
actionpack (5.2.1) lib/action_dispatch/journey/router.rb:35:in `serve'
actionpack (5.2.1) lib/action_dispatch/routing/route_set.rb:840:in `call'
warden-jwt_auth (0.3.5) lib/warden/jwt_auth/middleware/token_dispatcher.rb:20:in `call'
warden-jwt_auth (0.3.5) lib/warden/jwt_auth/middleware/revocation_manager.rb:21:in `call'
rack (2.0.6) lib/rack/builder.rb:153:in `call'
warden-jwt_auth (0.3.5) lib/warden/jwt_auth/middleware.rb:23:in `call'
warden (1.2.7) lib/warden/manager.rb:36:in `block in call'
warden (1.2.7) lib/warden/manager.rb:35:in `catch'
warden (1.2.7) lib/warden/manager.rb:35:in `call'
rack (2.0.6) lib/rack/etag.rb:25:in `call'
rack (2.0.6) lib/rack/conditional_get.rb:25:in `call'
rack (2.0.6) lib/rack/head.rb:12:in `call'
activerecord (5.2.1) lib/active_record/migration.rb:559:in `call'
actionpack (5.2.1) lib/action_dispatch/middleware/callbacks.rb:28:in `block in call'
activesupport (5.2.1) lib/active_support/callbacks.rb:98:in `run_callbacks'
actionpack (5.2.1) lib/action_dispatch/middleware/callbacks.rb:26:in `call'
actionpack (5.2.1) lib/action_dispatch/middleware/executor.rb:14:in `call'
actionpack (5.2.1) lib/action_dispatch/middleware/debug_exceptions.rb:61:in `call'
actionpack (5.2.1) lib/action_dispatch/middleware/show_exceptions.rb:33:in `call'
railties (5.2.1) lib/rails/rack/logger.rb:38:in `call_app'
railties (5.2.1) lib/rails/rack/logger.rb:26:in `block in call'
activesupport (5.2.1) lib/active_support/tagged_logging.rb:71:in `block in tagged'
activesupport (5.2.1) lib/active_support/tagged_logging.rb:28:in `tagged'
activesupport (5.2.1) lib/active_support/tagged_logging.rb:71:in `tagged'
railties (5.2.1) lib/rails/rack/logger.rb:26:in `call'
actionpack (5.2.1) lib/action_dispatch/middleware/remote_ip.rb:81:in `call'
actionpack (5.2.1) lib/action_dispatch/middleware/request_id.rb:27:in `call'
rack (2.0.6) lib/rack/runtime.rb:22:in `call'
activesupport (5.2.1) lib/active_support/cache/strategy/local_cache_middleware.rb:29:in `call'
actionpack (5.2.1) lib/action_dispatch/middleware/executor.rb:14:in `call'
actionpack (5.2.1) lib/action_dispatch/middleware/static.rb:127:in `call'
rack (2.0.6) lib/rack/sendfile.rb:111:in `call'
rack-cors (1.0.2) lib/rack/cors.rb:97:in `call'
railties (5.2.1) lib/rails/engine.rb:524:in `call'
puma (3.12.0) lib/puma/configuration.rb:225:in `call'
puma (3.12.0) lib/puma/server.rb:658:in `handle_request'
puma (3.12.0) lib/puma/server.rb:472:in `process_client'
puma (3.12.0) lib/puma/server.rb:332:in `block in run'
puma (3.12.0) lib/puma/thread_pool.rb:133:in `block in spawn_thread'
Started GET "/apartments/1" for 127.0.0.1 at 2018-11-27 16:35:30 -0800
  
AbstractController::ActionNotFound (The action 'show' could not be found for ApartmentsController):
  
actionpack (5.2.1) lib/abstract_controller/base.rb:129:in `process'
actionpack (5.2.1) lib/action_controller/metal.rb:191:in `dispatch'
actionpack (5.2.1) lib/action_controller/metal.rb:252:in `dispatch'
actionpack (5.2.1) lib/action_dispatch/routing/route_set.rb:52:in `dispatch'
actionpack (5.2.1) lib/action_dispatch/routing/route_set.rb:34:in `serve'
actionpack (5.2.1) lib/action_dispatch/journey/router.rb:52:in `block in serve'
actionpack (5.2.1) lib/action_dispatch/journey/router.rb:35:in `each'
actionpack (5.2.1) lib/action_dispatch/journey/router.rb:35:in `serve'
actionpack (5.2.1) lib/action_dispatch/routing/route_set.rb:840:in `call'
warden-jwt_auth (0.3.5) lib/warden/jwt_auth/middleware/token_dispatcher.rb:20:in `call'
warden-jwt_auth (0.3.5) lib/warden/jwt_auth/middleware/revocation_manager.rb:21:in `call'
rack (2.0.6) lib/rack/builder.rb:153:in `call'
warden-jwt_auth (0.3.5) lib/warden/jwt_auth/middleware.rb:23:in `call'
warden (1.2.7) lib/warden/manager.rb:36:in `block in call'
warden (1.2.7) lib/warden/manager.rb:35:in `catch'
warden (1.2.7) lib/warden/manager.rb:35:in `call'
rack (2.0.6) lib/rack/etag.rb:25:in `call'
rack (2.0.6) lib/rack/conditional_get.rb:25:in `call'
rack (2.0.6) lib/rack/head.rb:12:in `call'
activerecord (5.2.1) lib/active_record/migration.rb:559:in `call'
actionpack (5.2.1) lib/action_dispatch/middleware/callbacks.rb:28:in `block in call'
activesupport (5.2.1) lib/active_support/callbacks.rb:98:in `run_callbacks'
actionpack (5.2.1) lib/action_dispatch/middleware/callbacks.rb:26:in `call'
actionpack (5.2.1) lib/action_dispatch/middleware/executor.rb:14:in `call'
actionpack (5.2.1) lib/action_dispatch/middleware/debug_exceptions.rb:61:in `call'
actionpack (5.2.1) lib/action_dispatch/middleware/show_exceptions.rb:33:in `call'
railties (5.2.1) lib/rails/rack/logger.rb:38:in `call_app'
railties (5.2.1) lib/rails/rack/logger.rb:26:in `block in call'
activesupport (5.2.1) lib/active_support/tagged_logging.rb:71:in `block in tagged'
activesupport (5.2.1) lib/active_support/tagged_logging.rb:28:in `tagged'
activesupport (5.2.1) lib/active_support/tagged_logging.rb:71:in `tagged'
railties (5.2.1) lib/rails/rack/logger.rb:26:in `call'
actionpack (5.2.1) lib/action_dispatch/middleware/remote_ip.rb:81:in `call'
actionpack (5.2.1) lib/action_dispatch/middleware/request_id.rb:27:in `call'
rack (2.0.6) lib/rack/runtime.rb:22:in `call'
activesupport (5.2.1) lib/active_support/cache/strategy/local_cache_middleware.rb:29:in `call'
actionpack (5.2.1) lib/action_dispatch/middleware/executor.rb:14:in `call'
actionpack (5.2.1) lib/action_dispatch/middleware/static.rb:127:in `call'
rack (2.0.6) lib/rack/sendfile.rb:111:in `call'
rack-cors (1.0.2) lib/rack/cors.rb:97:in `call'
railties (5.2.1) lib/rails/engine.rb:524:in `call'
puma (3.12.0) lib/puma/configuration.rb:225:in `call'
puma (3.12.0) lib/puma/server.rb:658:in `handle_request'
puma (3.12.0) lib/puma/server.rb:472:in `process_client'
puma (3.12.0) lib/puma/server.rb:332:in `block in run'
puma (3.12.0) lib/puma/thread_pool.rb:133:in `block in spawn_thread'
Started GET "/apartment/1" for 127.0.0.1 at 2018-11-27 16:36:03 -0800
  
ActionController::RoutingError (No route matches [GET] "/apartment/1"):
  
actionpack (5.2.1) lib/action_dispatch/middleware/debug_exceptions.rb:65:in `call'
actionpack (5.2.1) lib/action_dispatch/middleware/show_exceptions.rb:33:in `call'
railties (5.2.1) lib/rails/rack/logger.rb:38:in `call_app'
railties (5.2.1) lib/rails/rack/logger.rb:26:in `block in call'
activesupport (5.2.1) lib/active_support/tagged_logging.rb:71:in `block in tagged'
activesupport (5.2.1) lib/active_support/tagged_logging.rb:28:in `tagged'
activesupport (5.2.1) lib/active_support/tagged_logging.rb:71:in `tagged'
railties (5.2.1) lib/rails/rack/logger.rb:26:in `call'
actionpack (5.2.1) lib/action_dispatch/middleware/remote_ip.rb:81:in `call'
actionpack (5.2.1) lib/action_dispatch/middleware/request_id.rb:27:in `call'
rack (2.0.6) lib/rack/runtime.rb:22:in `call'
activesupport (5.2.1) lib/active_support/cache/strategy/local_cache_middleware.rb:29:in `call'
actionpack (5.2.1) lib/action_dispatch/middleware/executor.rb:14:in `call'
actionpack (5.2.1) lib/action_dispatch/middleware/static.rb:127:in `call'
rack (2.0.6) lib/rack/sendfile.rb:111:in `call'
rack-cors (1.0.2) lib/rack/cors.rb:97:in `call'
railties (5.2.1) lib/rails/engine.rb:524:in `call'
puma (3.12.0) lib/puma/configuration.rb:225:in `call'
puma (3.12.0) lib/puma/server.rb:658:in `handle_request'
puma (3.12.0) lib/puma/server.rb:472:in `process_client'
puma (3.12.0) lib/puma/server.rb:332:in `block in run'
puma (3.12.0) lib/puma/thread_pool.rb:133:in `block in spawn_thread'
Started GET "/apartment/1" for 127.0.0.1 at 2018-11-27 16:36:28 -0800
  
ActionController::RoutingError (No route matches [GET] "/apartment/1"):
  
actionpack (5.2.1) lib/action_dispatch/middleware/debug_exceptions.rb:65:in `call'
actionpack (5.2.1) lib/action_dispatch/middleware/show_exceptions.rb:33:in `call'
railties (5.2.1) lib/rails/rack/logger.rb:38:in `call_app'
railties (5.2.1) lib/rails/rack/logger.rb:26:in `block in call'
activesupport (5.2.1) lib/active_support/tagged_logging.rb:71:in `block in tagged'
activesupport (5.2.1) lib/active_support/tagged_logging.rb:28:in `tagged'
activesupport (5.2.1) lib/active_support/tagged_logging.rb:71:in `tagged'
railties (5.2.1) lib/rails/rack/logger.rb:26:in `call'
actionpack (5.2.1) lib/action_dispatch/middleware/remote_ip.rb:81:in `call'
actionpack (5.2.1) lib/action_dispatch/middleware/request_id.rb:27:in `call'
rack (2.0.6) lib/rack/runtime.rb:22:in `call'
activesupport (5.2.1) lib/active_support/cache/strategy/local_cache_middleware.rb:29:in `call'
actionpack (5.2.1) lib/action_dispatch/middleware/executor.rb:14:in `call'
actionpack (5.2.1) lib/action_dispatch/middleware/static.rb:127:in `call'
rack (2.0.6) lib/rack/sendfile.rb:111:in `call'
rack-cors (1.0.2) lib/rack/cors.rb:97:in `call'
railties (5.2.1) lib/rails/engine.rb:524:in `call'
puma (3.12.0) lib/puma/configuration.rb:225:in `call'
puma (3.12.0) lib/puma/server.rb:658:in `handle_request'
puma (3.12.0) lib/puma/server.rb:472:in `process_client'
puma (3.12.0) lib/puma/server.rb:332:in `block in run'
puma (3.12.0) lib/puma/thread_pool.rb:133:in `block in spawn_thread'
Started GET "/apartments/1" for 127.0.0.1 at 2018-11-27 16:36:41 -0800
  
AbstractController::ActionNotFound (The action 'show' could not be found for ApartmentsController):
  
actionpack (5.2.1) lib/abstract_controller/base.rb:129:in `process'
actionpack (5.2.1) lib/action_controller/metal.rb:191:in `dispatch'
actionpack (5.2.1) lib/action_controller/metal.rb:252:in `dispatch'
actionpack (5.2.1) lib/action_dispatch/routing/route_set.rb:52:in `dispatch'
actionpack (5.2.1) lib/action_dispatch/routing/route_set.rb:34:in `serve'
actionpack (5.2.1) lib/action_dispatch/journey/router.rb:52:in `block in serve'
actionpack (5.2.1) lib/action_dispatch/journey/router.rb:35:in `each'
actionpack (5.2.1) lib/action_dispatch/journey/router.rb:35:in `serve'
actionpack (5.2.1) lib/action_dispatch/routing/route_set.rb:840:in `call'
warden-jwt_auth (0.3.5) lib/warden/jwt_auth/middleware/token_dispatcher.rb:20:in `call'
warden-jwt_auth (0.3.5) lib/warden/jwt_auth/middleware/revocation_manager.rb:21:in `call'
rack (2.0.6) lib/rack/builder.rb:153:in `call'
warden-jwt_auth (0.3.5) lib/warden/jwt_auth/middleware.rb:23:in `call'
warden (1.2.7) lib/warden/manager.rb:36:in `block in call'
warden (1.2.7) lib/warden/manager.rb:35:in `catch'
warden (1.2.7) lib/warden/manager.rb:35:in `call'
rack (2.0.6) lib/rack/etag.rb:25:in `call'
rack (2.0.6) lib/rack/conditional_get.rb:25:in `call'
rack (2.0.6) lib/rack/head.rb:12:in `call'
activerecord (5.2.1) lib/active_record/migration.rb:559:in `call'
actionpack (5.2.1) lib/action_dispatch/middleware/callbacks.rb:28:in `block in call'
activesupport (5.2.1) lib/active_support/callbacks.rb:98:in `run_callbacks'
actionpack (5.2.1) lib/action_dispatch/middleware/callbacks.rb:26:in `call'
actionpack (5.2.1) lib/action_dispatch/middleware/executor.rb:14:in `call'
actionpack (5.2.1) lib/action_dispatch/middleware/debug_exceptions.rb:61:in `call'
actionpack (5.2.1) lib/action_dispatch/middleware/show_exceptions.rb:33:in `call'
railties (5.2.1) lib/rails/rack/logger.rb:38:in `call_app'
railties (5.2.1) lib/rails/rack/logger.rb:26:in `block in call'
activesupport (5.2.1) lib/active_support/tagged_logging.rb:71:in `block in tagged'
activesupport (5.2.1) lib/active_support/tagged_logging.rb:28:in `tagged'
activesupport (5.2.1) lib/active_support/tagged_logging.rb:71:in `tagged'
railties (5.2.1) lib/rails/rack/logger.rb:26:in `call'
actionpack (5.2.1) lib/action_dispatch/middleware/remote_ip.rb:81:in `call'
actionpack (5.2.1) lib/action_dispatch/middleware/request_id.rb:27:in `call'
rack (2.0.6) lib/rack/runtime.rb:22:in `call'
activesupport (5.2.1) lib/active_support/cache/strategy/local_cache_middleware.rb:29:in `call'
actionpack (5.2.1) lib/action_dispatch/middleware/executor.rb:14:in `call'
actionpack (5.2.1) lib/action_dispatch/middleware/static.rb:127:in `call'
rack (2.0.6) lib/rack/sendfile.rb:111:in `call'
rack-cors (1.0.2) lib/rack/cors.rb:97:in `call'
railties (5.2.1) lib/rails/engine.rb:524:in `call'
puma (3.12.0) lib/puma/configuration.rb:225:in `call'
puma (3.12.0) lib/puma/server.rb:658:in `handle_request'
puma (3.12.0) lib/puma/server.rb:472:in `process_client'
puma (3.12.0) lib/puma/server.rb:332:in `block in run'
puma (3.12.0) lib/puma/thread_pool.rb:133:in `block in spawn_thread'
Started GET "/apartments/1" for 127.0.0.1 at 2018-11-27 16:37:47 -0800
Processing by ApartmentsController#show as HTML
  Parameters: {"id"=>"1"}
  [1m[36mApartment Load (0.6ms)[0m  [1m[34mSELECT  "apartments".* FROM "apartments" WHERE "apartments"."id" = $1 LIMIT $2[0m  [["id", 1], ["LIMIT", 1]]
  ↳ app/controllers/apartments_controller.rb:17
Completed 200 OK in 132ms (Views: 0.6ms | ActiveRecord: 86.9ms)


Started GET "/favicon.ico" for 127.0.0.1 at 2018-11-27 16:37:47 -0800
  
ActionController::RoutingError (No route matches [GET] "/favicon.ico"):
  
actionpack (5.2.1) lib/action_dispatch/middleware/debug_exceptions.rb:65:in `call'
actionpack (5.2.1) lib/action_dispatch/middleware/show_exceptions.rb:33:in `call'
railties (5.2.1) lib/rails/rack/logger.rb:38:in `call_app'
railties (5.2.1) lib/rails/rack/logger.rb:26:in `block in call'
activesupport (5.2.1) lib/active_support/tagged_logging.rb:71:in `block in tagged'
activesupport (5.2.1) lib/active_support/tagged_logging.rb:28:in `tagged'
activesupport (5.2.1) lib/active_support/tagged_logging.rb:71:in `tagged'
railties (5.2.1) lib/rails/rack/logger.rb:26:in `call'
actionpack (5.2.1) lib/action_dispatch/middleware/remote_ip.rb:81:in `call'
actionpack (5.2.1) lib/action_dispatch/middleware/request_id.rb:27:in `call'
rack (2.0.6) lib/rack/runtime.rb:22:in `call'
activesupport (5.2.1) lib/active_support/cache/strategy/local_cache_middleware.rb:29:in `call'
actionpack (5.2.1) lib/action_dispatch/middleware/executor.rb:14:in `call'
actionpack (5.2.1) lib/action_dispatch/middleware/static.rb:127:in `call'
rack (2.0.6) lib/rack/sendfile.rb:111:in `call'
rack-cors (1.0.2) lib/rack/cors.rb:97:in `call'
railties (5.2.1) lib/rails/engine.rb:524:in `call'
puma (3.12.0) lib/puma/configuration.rb:225:in `call'
puma (3.12.0) lib/puma/server.rb:658:in `handle_request'
puma (3.12.0) lib/puma/server.rb:472:in `process_client'
puma (3.12.0) lib/puma/server.rb:332:in `block in run'
puma (3.12.0) lib/puma/thread_pool.rb:133:in `block in spawn_thread'
Started GET "/apartment/1" for 127.0.0.1 at 2018-11-27 16:37:50 -0800
  
ActionController::RoutingError (No route matches [GET] "/apartment/1"):
  
actionpack (5.2.1) lib/action_dispatch/middleware/debug_exceptions.rb:65:in `call'
actionpack (5.2.1) lib/action_dispatch/middleware/show_exceptions.rb:33:in `call'
railties (5.2.1) lib/rails/rack/logger.rb:38:in `call_app'
railties (5.2.1) lib/rails/rack/logger.rb:26:in `block in call'
activesupport (5.2.1) lib/active_support/tagged_logging.rb:71:in `block in tagged'
activesupport (5.2.1) lib/active_support/tagged_logging.rb:28:in `tagged'
activesupport (5.2.1) lib/active_support/tagged_logging.rb:71:in `tagged'
railties (5.2.1) lib/rails/rack/logger.rb:26:in `call'
actionpack (5.2.1) lib/action_dispatch/middleware/remote_ip.rb:81:in `call'
actionpack (5.2.1) lib/action_dispatch/middleware/request_id.rb:27:in `call'
rack (2.0.6) lib/rack/runtime.rb:22:in `call'
activesupport (5.2.1) lib/active_support/cache/strategy/local_cache_middleware.rb:29:in `call'
actionpack (5.2.1) lib/action_dispatch/middleware/executor.rb:14:in `call'
actionpack (5.2.1) lib/action_dispatch/middleware/static.rb:127:in `call'
rack (2.0.6) lib/rack/sendfile.rb:111:in `call'
rack-cors (1.0.2) lib/rack/cors.rb:97:in `call'
railties (5.2.1) lib/rails/engine.rb:524:in `call'
puma (3.12.0) lib/puma/configuration.rb:225:in `call'
puma (3.12.0) lib/puma/server.rb:658:in `handle_request'
puma (3.12.0) lib/puma/server.rb:472:in `process_client'
puma (3.12.0) lib/puma/server.rb:332:in `block in run'
puma (3.12.0) lib/puma/thread_pool.rb:133:in `block in spawn_thread'
Started GET "/apartments" for 127.0.0.1 at 2018-11-27 16:37:58 -0800
Processing by ApartmentsController#index as */*
  [1m[36mApartment Load (6.4ms)[0m  [1m[34mSELECT "apartments".* FROM "apartments"[0m
  ↳ app/controllers/apartments_controller.rb:4
Completed 200 OK in 9ms (Views: 2.6ms | ActiveRecord: 6.4ms)


Started GET "/apartments" for 127.0.0.1 at 2018-11-27 16:38:15 -0800
Processing by ApartmentsController#index as */*
  [1m[36mApartment Load (7.4ms)[0m  [1m[34mSELECT "apartments".* FROM "apartments"[0m
  ↳ app/controllers/apartments_controller.rb:4
Completed 200 OK in 10ms (Views: 2.7ms | ActiveRecord: 7.4ms)


Started GET "/apartment/1" for 127.0.0.1 at 2018-11-27 16:38:15 -0800
  
ActionController::RoutingError (No route matches [GET] "/apartment/1"):
  
actionpack (5.2.1) lib/action_dispatch/middleware/debug_exceptions.rb:65:in `call'
actionpack (5.2.1) lib/action_dispatch/middleware/show_exceptions.rb:33:in `call'
railties (5.2.1) lib/rails/rack/logger.rb:38:in `call_app'
railties (5.2.1) lib/rails/rack/logger.rb:26:in `block in call'
activesupport (5.2.1) lib/active_support/tagged_logging.rb:71:in `block in tagged'
activesupport (5.2.1) lib/active_support/tagged_logging.rb:28:in `tagged'
activesupport (5.2.1) lib/active_support/tagged_logging.rb:71:in `tagged'
railties (5.2.1) lib/rails/rack/logger.rb:26:in `call'
actionpack (5.2.1) lib/action_dispatch/middleware/remote_ip.rb:81:in `call'
actionpack (5.2.1) lib/action_dispatch/middleware/request_id.rb:27:in `call'
rack (2.0.6) lib/rack/runtime.rb:22:in `call'
activesupport (5.2.1) lib/active_support/cache/strategy/local_cache_middleware.rb:29:in `call'
actionpack (5.2.1) lib/action_dispatch/middleware/executor.rb:14:in `call'
actionpack (5.2.1) lib/action_dispatch/middleware/static.rb:127:in `call'
rack (2.0.6) lib/rack/sendfile.rb:111:in `call'
rack-cors (1.0.2) lib/rack/cors.rb:97:in `call'
railties (5.2.1) lib/rails/engine.rb:524:in `call'
puma (3.12.0) lib/puma/configuration.rb:225:in `call'
puma (3.12.0) lib/puma/server.rb:658:in `handle_request'
puma (3.12.0) lib/puma/server.rb:472:in `process_client'
puma (3.12.0) lib/puma/server.rb:332:in `block in run'
puma (3.12.0) lib/puma/thread_pool.rb:133:in `block in spawn_thread'
Started GET "/apartments" for 127.0.0.1 at 2018-11-27 16:38:36 -0800
Processing by ApartmentsController#index as */*
  [1m[36mApartment Load (0.3ms)[0m  [1m[34mSELECT "apartments".* FROM "apartments"[0m
  ↳ app/controllers/apartments_controller.rb:4
Completed 200 OK in 3ms (Views: 1.9ms | ActiveRecord: 0.3ms)


Started GET "/apartments/1" for 127.0.0.1 at 2018-11-27 16:38:36 -0800
Processing by ApartmentsController#show as */*
  Parameters: {"id"=>"1"}
  [1m[36mApartment Load (1.0ms)[0m  [1m[34mSELECT  "apartments".* FROM "apartments" WHERE "apartments"."id" = $1 LIMIT $2[0m  [["id", 1], ["LIMIT", 1]]
  ↳ app/controllers/apartments_controller.rb:17
Completed 200 OK in 3ms (Views: 0.8ms | ActiveRecord: 1.0ms)


Started GET "/apartments" for 127.0.0.1 at 2018-11-27 16:39:02 -0800
Processing by ApartmentsController#index as */*
  [1m[36mApartment Load (0.5ms)[0m  [1m[34mSELECT "apartments".* FROM "apartments"[0m
  ↳ app/controllers/apartments_controller.rb:4
Completed 200 OK in 3ms (Views: 2.0ms | ActiveRecord: 0.5ms)


Started GET "/apartments/1" for 127.0.0.1 at 2018-11-27 16:39:02 -0800
Processing by ApartmentsController#show as */*
  Parameters: {"id"=>"1"}
  [1m[36mApartment Load (0.5ms)[0m  [1m[34mSELECT  "apartments".* FROM "apartments" WHERE "apartments"."id" = $1 LIMIT $2[0m  [["id", 1], ["LIMIT", 1]]
  ↳ app/controllers/apartments_controller.rb:17
Completed 200 OK in 3ms (Views: 0.9ms | ActiveRecord: 0.5ms)


Started GET "/apartments" for 127.0.0.1 at 2018-11-27 16:39:15 -0800
Processing by ApartmentsController#index as */*
  [1m[36mApartment Load (0.3ms)[0m  [1m[34mSELECT "apartments".* FROM "apartments"[0m
  ↳ app/controllers/apartments_controller.rb:4
Completed 200 OK in 2ms (Views: 1.7ms | ActiveRecord: 0.3ms)


Started GET "/apartments/1" for 127.0.0.1 at 2018-11-27 16:39:15 -0800
Processing by ApartmentsController#show as */*
  Parameters: {"id"=>"1"}
  [1m[36mApartment Load (1.2ms)[0m  [1m[34mSELECT  "apartments".* FROM "apartments" WHERE "apartments"."id" = $1 LIMIT $2[0m  [["id", 1], ["LIMIT", 1]]
  ↳ app/controllers/apartments_controller.rb:17
Completed 200 OK in 3ms (Views: 0.7ms | ActiveRecord: 1.2ms)


Started GET "/apartments/1" for 127.0.0.1 at 2018-11-27 16:39:25 -0800
Processing by ApartmentsController#show as */*
  Parameters: {"id"=>"1"}
  [1m[36mApartment Load (0.7ms)[0m  [1m[34mSELECT  "apartments".* FROM "apartments" WHERE "apartments"."id" = $1 LIMIT $2[0m  [["id", 1], ["LIMIT", 1]]
  ↳ app/controllers/apartments_controller.rb:17
Completed 200 OK in 3ms (Views: 0.7ms | ActiveRecord: 0.7ms)


Started GET "/apartments/2" for 127.0.0.1 at 2018-11-27 16:40:15 -0800
Processing by ApartmentsController#show as */*
  Parameters: {"id"=>"2"}
  [1m[36mApartment Load (0.4ms)[0m  [1m[34mSELECT  "apartments".* FROM "apartments" WHERE "apartments"."id" = $1 LIMIT $2[0m  [["id", 2], ["LIMIT", 1]]
  ↳ app/controllers/apartments_controller.rb:17
Completed 200 OK in 2ms (Views: 0.7ms | ActiveRecord: 0.4ms)


Started GET "/apartments/2" for 127.0.0.1 at 2018-11-27 16:40:54 -0800
Processing by ApartmentsController#show as */*
  Parameters: {"id"=>"2"}
  [1m[36mApartment Load (0.4ms)[0m  [1m[34mSELECT  "apartments".* FROM "apartments" WHERE "apartments"."id" = $1 LIMIT $2[0m  [["id", 2], ["LIMIT", 1]]
  ↳ app/controllers/apartments_controller.rb:17
Completed 200 OK in 2ms (Views: 0.7ms | ActiveRecord: 0.4ms)


Started GET "/apartments/2" for 127.0.0.1 at 2018-11-27 16:41:38 -0800
Processing by ApartmentsController#show as */*
  Parameters: {"id"=>"2"}
  [1m[36mApartment Load (4.2ms)[0m  [1m[34mSELECT  "apartments".* FROM "apartments" WHERE "apartments"."id" = $1 LIMIT $2[0m  [["id", 2], ["LIMIT", 1]]
  ↳ app/controllers/apartments_controller.rb:17
Completed 200 OK in 6ms (Views: 0.7ms | ActiveRecord: 4.2ms)


